[0.398s] Invoking command in '/home/nicolai/work/dnv/SensorFusion/revolt_state_estimator': DEBUGINFOD_URLS=https://debuginfod.ubuntu.com PYTHONPATH=/home/nicolai/work/dnv/SensorFusion/revolt_state_estimator/build/revolt_state_estimator/prefix_override:/usr/lib/python3/dist-packages/colcon_core/task/python/colcon_distutils_commands:/home/nicolai/work/dnv/SensorFusion/revolt_state_estimator/install/revolt_state_estimator/lib/python3.12/site-packages:${PYTHONPATH} /usr/bin/python3 -W ignore:setup.py install is deprecated -W ignore:easy_install command is deprecated setup.py egg_info --egg-base build/revolt_state_estimator build --build-base /home/nicolai/work/dnv/SensorFusion/revolt_state_estimator/build/revolt_state_estimator/build install --record /home/nicolai/work/dnv/SensorFusion/revolt_state_estimator/build/revolt_state_estimator/install.log --single-version-externally-managed install_data
[0.498s] running egg_info
[0.498s] creating build/revolt_state_estimator/revolt_state_estimator.egg-info
[0.505s] writing build/revolt_state_estimator/revolt_state_estimator.egg-info/PKG-INFO
[0.505s] writing dependency_links to build/revolt_state_estimator/revolt_state_estimator.egg-info/dependency_links.txt
[0.505s] writing entry points to build/revolt_state_estimator/revolt_state_estimator.egg-info/entry_points.txt
[0.505s] writing requirements to build/revolt_state_estimator/revolt_state_estimator.egg-info/requires.txt
[0.506s] writing top-level names to build/revolt_state_estimator/revolt_state_estimator.egg-info/top_level.txt
[0.506s] writing manifest file 'build/revolt_state_estimator/revolt_state_estimator.egg-info/SOURCES.txt'
[0.519s] reading manifest file 'build/revolt_state_estimator/revolt_state_estimator.egg-info/SOURCES.txt'
[0.519s] writing manifest file 'build/revolt_state_estimator/revolt_state_estimator.egg-info/SOURCES.txt'
[0.519s] running build
[0.520s] running build_py
[0.520s] creating /home/nicolai/work/dnv/SensorFusion/revolt_state_estimator/build/revolt_state_estimator/build
[0.520s] creating /home/nicolai/work/dnv/SensorFusion/revolt_state_estimator/build/revolt_state_estimator/build/lib
[0.520s] creating /home/nicolai/work/dnv/SensorFusion/revolt_state_estimator/build/revolt_state_estimator/build/lib/revolt_state_estimator
[0.520s] copying revolt_state_estimator/__init__.py -> /home/nicolai/work/dnv/SensorFusion/revolt_state_estimator/build/revolt_state_estimator/build/lib/revolt_state_estimator
[0.520s] copying revolt_state_estimator/ekf.py -> /home/nicolai/work/dnv/SensorFusion/revolt_state_estimator/build/revolt_state_estimator/build/lib/revolt_state_estimator
[0.520s] copying revolt_state_estimator/utils.py -> /home/nicolai/work/dnv/SensorFusion/revolt_state_estimator/build/revolt_state_estimator/build/lib/revolt_state_estimator
[0.521s] copying revolt_state_estimator/revolt_sensor_transforms.py -> /home/nicolai/work/dnv/SensorFusion/revolt_state_estimator/build/revolt_state_estimator/build/lib/revolt_state_estimator
[0.521s] copying revolt_state_estimator/revolt_model.py -> /home/nicolai/work/dnv/SensorFusion/revolt_state_estimator/build/revolt_state_estimator/build/lib/revolt_state_estimator
[0.521s] copying revolt_state_estimator/revolt_ekf.py -> /home/nicolai/work/dnv/SensorFusion/revolt_state_estimator/build/revolt_state_estimator/build/lib/revolt_state_estimator
[0.521s] running install
[0.524s] running install_lib
[0.531s] creating /home/nicolai/work/dnv/SensorFusion/revolt_state_estimator/install/revolt_state_estimator/lib/python3.12/site-packages/revolt_state_estimator
[0.532s] copying /home/nicolai/work/dnv/SensorFusion/revolt_state_estimator/build/revolt_state_estimator/build/lib/revolt_state_estimator/__init__.py -> /home/nicolai/work/dnv/SensorFusion/revolt_state_estimator/install/revolt_state_estimator/lib/python3.12/site-packages/revolt_state_estimator
[0.532s] copying /home/nicolai/work/dnv/SensorFusion/revolt_state_estimator/build/revolt_state_estimator/build/lib/revolt_state_estimator/ekf.py -> /home/nicolai/work/dnv/SensorFusion/revolt_state_estimator/install/revolt_state_estimator/lib/python3.12/site-packages/revolt_state_estimator
[0.532s] copying /home/nicolai/work/dnv/SensorFusion/revolt_state_estimator/build/revolt_state_estimator/build/lib/revolt_state_estimator/utils.py -> /home/nicolai/work/dnv/SensorFusion/revolt_state_estimator/install/revolt_state_estimator/lib/python3.12/site-packages/revolt_state_estimator
[0.532s] copying /home/nicolai/work/dnv/SensorFusion/revolt_state_estimator/build/revolt_state_estimator/build/lib/revolt_state_estimator/revolt_sensor_transforms.py -> /home/nicolai/work/dnv/SensorFusion/revolt_state_estimator/install/revolt_state_estimator/lib/python3.12/site-packages/revolt_state_estimator
[0.532s] copying /home/nicolai/work/dnv/SensorFusion/revolt_state_estimator/build/revolt_state_estimator/build/lib/revolt_state_estimator/revolt_model.py -> /home/nicolai/work/dnv/SensorFusion/revolt_state_estimator/install/revolt_state_estimator/lib/python3.12/site-packages/revolt_state_estimator
[0.532s] copying /home/nicolai/work/dnv/SensorFusion/revolt_state_estimator/build/revolt_state_estimator/build/lib/revolt_state_estimator/revolt_ekf.py -> /home/nicolai/work/dnv/SensorFusion/revolt_state_estimator/install/revolt_state_estimator/lib/python3.12/site-packages/revolt_state_estimator
[0.532s] byte-compiling /home/nicolai/work/dnv/SensorFusion/revolt_state_estimator/install/revolt_state_estimator/lib/python3.12/site-packages/revolt_state_estimator/__init__.py to __init__.cpython-312.pyc
[0.532s] byte-compiling /home/nicolai/work/dnv/SensorFusion/revolt_state_estimator/install/revolt_state_estimator/lib/python3.12/site-packages/revolt_state_estimator/ekf.py to ekf.cpython-312.pyc
[0.533s] byte-compiling /home/nicolai/work/dnv/SensorFusion/revolt_state_estimator/install/revolt_state_estimator/lib/python3.12/site-packages/revolt_state_estimator/utils.py to utils.cpython-312.pyc
[0.533s] byte-compiling /home/nicolai/work/dnv/SensorFusion/revolt_state_estimator/install/revolt_state_estimator/lib/python3.12/site-packages/revolt_state_estimator/revolt_sensor_transforms.py to revolt_sensor_transforms.cpython-312.pyc
[0.533s] byte-compiling /home/nicolai/work/dnv/SensorFusion/revolt_state_estimator/install/revolt_state_estimator/lib/python3.12/site-packages/revolt_state_estimator/revolt_model.py to revolt_model.cpython-312.pyc
[0.533s] byte-compiling /home/nicolai/work/dnv/SensorFusion/revolt_state_estimator/install/revolt_state_estimator/lib/python3.12/site-packages/revolt_state_estimator/revolt_ekf.py to revolt_ekf.cpython-312.pyc
[0.534s] running install_data
[0.534s] creating /home/nicolai/work/dnv/SensorFusion/revolt_state_estimator/install/revolt_state_estimator/share/ament_index
[0.534s] creating /home/nicolai/work/dnv/SensorFusion/revolt_state_estimator/install/revolt_state_estimator/share/ament_index/resource_index
[0.534s] creating /home/nicolai/work/dnv/SensorFusion/revolt_state_estimator/install/revolt_state_estimator/share/ament_index/resource_index/packages
[0.534s] copying resource/revolt_state_estimator -> /home/nicolai/work/dnv/SensorFusion/revolt_state_estimator/install/revolt_state_estimator/share/ament_index/resource_index/packages
[0.534s] copying package.xml -> /home/nicolai/work/dnv/SensorFusion/revolt_state_estimator/install/revolt_state_estimator/share/revolt_state_estimator
[0.534s] creating /home/nicolai/work/dnv/SensorFusion/revolt_state_estimator/install/revolt_state_estimator/share/revolt_state_estimator/launch
[0.534s] copying launch/revolt_state_estimator.launch.py -> /home/nicolai/work/dnv/SensorFusion/revolt_state_estimator/install/revolt_state_estimator/share/revolt_state_estimator/launch
[0.534s] creating /home/nicolai/work/dnv/SensorFusion/revolt_state_estimator/install/revolt_state_estimator/share/revolt_state_estimator/config
[0.534s] copying config/revolt_model.yaml -> /home/nicolai/work/dnv/SensorFusion/revolt_state_estimator/install/revolt_state_estimator/share/revolt_state_estimator/config
[0.534s] copying config/revolt_ekf.yaml -> /home/nicolai/work/dnv/SensorFusion/revolt_state_estimator/install/revolt_state_estimator/share/revolt_state_estimator/config
[0.534s] running install_egg_info
[0.542s] Copying build/revolt_state_estimator/revolt_state_estimator.egg-info to /home/nicolai/work/dnv/SensorFusion/revolt_state_estimator/install/revolt_state_estimator/lib/python3.12/site-packages/revolt_state_estimator-1.0.0-py3.12.egg-info
[0.542s] running install_scripts
[0.592s] Installing revolt_ekf script to /home/nicolai/work/dnv/SensorFusion/revolt_state_estimator/install/revolt_state_estimator/lib/revolt_state_estimator
[0.592s] writing list of installed files to '/home/nicolai/work/dnv/SensorFusion/revolt_state_estimator/build/revolt_state_estimator/install.log'
[0.606s] Invoked command in '/home/nicolai/work/dnv/SensorFusion/revolt_state_estimator' returned '0': DEBUGINFOD_URLS=https://debuginfod.ubuntu.com PYTHONPATH=/home/nicolai/work/dnv/SensorFusion/revolt_state_estimator/build/revolt_state_estimator/prefix_override:/usr/lib/python3/dist-packages/colcon_core/task/python/colcon_distutils_commands:/home/nicolai/work/dnv/SensorFusion/revolt_state_estimator/install/revolt_state_estimator/lib/python3.12/site-packages:${PYTHONPATH} /usr/bin/python3 -W ignore:setup.py install is deprecated -W ignore:easy_install command is deprecated setup.py egg_info --egg-base build/revolt_state_estimator build --build-base /home/nicolai/work/dnv/SensorFusion/revolt_state_estimator/build/revolt_state_estimator/build install --record /home/nicolai/work/dnv/SensorFusion/revolt_state_estimator/build/revolt_state_estimator/install.log --single-version-externally-managed install_data
