[0.332s] Invoking command in '/home/nicolai/work/dnv/SensorFusion/revolt_state_estimator/build/revolt_state_estimator': DEBUGINFOD_URLS=https://debuginfod.ubuntu.com PS1=(.venv) \[\e]0;\u@\h: \w\a\]${debian_chroot:+($debian_chroot)}\[\033[01;32m\]\u@\h\[\033[00m\]:\[\033[01;34m\]\w\[\033[00m\]\$ PYTHONPATH=/home/nicolai/work/dnv/SensorFusion/revolt_state_estimator/build/revolt_state_estimator/prefix_override:/usr/lib/python3/dist-packages/colcon_core/task/python/colcon_distutils_commands:/home/nicolai/work/dnv/SensorFusion/revolt_state_estimator/install/revolt_state_estimator/lib/python3.12/site-packages:${PYTHONPATH} VIRTUAL_ENV_PROMPT=(.venv) /usr/bin/python3 -W ignore:setup.py install is deprecated -W ignore:easy_install command is deprecated setup.py develop --editable --build-directory /home/nicolai/work/dnv/SensorFusion/revolt_state_estimator/build/revolt_state_estimator/build --no-deps symlink_data --force
[0.454s] running develop
[0.523s] running egg_info
[0.529s] writing revolt_state_estimator.egg-info/PKG-INFO
[0.529s] writing dependency_links to revolt_state_estimator.egg-info/dependency_links.txt
[0.529s] writing entry points to revolt_state_estimator.egg-info/entry_points.txt
[0.529s] writing requirements to revolt_state_estimator.egg-info/requires.txt
[0.530s] writing top-level names to revolt_state_estimator.egg-info/top_level.txt
[0.543s] reading manifest file 'revolt_state_estimator.egg-info/SOURCES.txt'
[0.544s] writing manifest file 'revolt_state_estimator.egg-info/SOURCES.txt'
[0.551s] running build_ext
[0.551s] Creating /home/nicolai/work/dnv/SensorFusion/revolt_state_estimator/install/revolt_state_estimator/lib/python3.12/site-packages/revolt-state-estimator.egg-link (link to .)
[0.551s] Installing revolt_ekf script to /home/nicolai/work/dnv/SensorFusion/revolt_state_estimator/install/revolt_state_estimator/lib/revolt_state_estimator
[0.551s] 
[0.551s] Installed /home/nicolai/work/dnv/SensorFusion/revolt_state_estimator/build/revolt_state_estimator
[0.551s] running symlink_data
[0.551s] symbolically linking /home/nicolai/work/dnv/SensorFusion/revolt_state_estimator/build/revolt_state_estimator/resource/revolt_state_estimator -> /home/nicolai/work/dnv/SensorFusion/revolt_state_estimator/install/revolt_state_estimator/share/ament_index/resource_index/packages
[0.551s] symbolically linking /home/nicolai/work/dnv/SensorFusion/revolt_state_estimator/build/revolt_state_estimator/package.xml -> /home/nicolai/work/dnv/SensorFusion/revolt_state_estimator/install/revolt_state_estimator/share/revolt_state_estimator
[0.552s] symbolically linking /home/nicolai/work/dnv/SensorFusion/revolt_state_estimator/build/revolt_state_estimator/launch/revolt_state_estimator.launch.py -> /home/nicolai/work/dnv/SensorFusion/revolt_state_estimator/install/revolt_state_estimator/share/revolt_state_estimator/launch
[0.552s] symbolically linking /home/nicolai/work/dnv/SensorFusion/revolt_state_estimator/build/revolt_state_estimator/config/revolt_model.yaml -> /home/nicolai/work/dnv/SensorFusion/revolt_state_estimator/install/revolt_state_estimator/share/revolt_state_estimator/config
[0.552s] symbolically linking /home/nicolai/work/dnv/SensorFusion/revolt_state_estimator/build/revolt_state_estimator/config/revolt_ekf.yaml -> /home/nicolai/work/dnv/SensorFusion/revolt_state_estimator/install/revolt_state_estimator/share/revolt_state_estimator/config
[0.565s] Invoked command in '/home/nicolai/work/dnv/SensorFusion/revolt_state_estimator/build/revolt_state_estimator' returned '0': DEBUGINFOD_URLS=https://debuginfod.ubuntu.com PS1=(.venv) \[\e]0;\u@\h: \w\a\]${debian_chroot:+($debian_chroot)}\[\033[01;32m\]\u@\h\[\033[00m\]:\[\033[01;34m\]\w\[\033[00m\]\$ PYTHONPATH=/home/nicolai/work/dnv/SensorFusion/revolt_state_estimator/build/revolt_state_estimator/prefix_override:/usr/lib/python3/dist-packages/colcon_core/task/python/colcon_distutils_commands:/home/nicolai/work/dnv/SensorFusion/revolt_state_estimator/install/revolt_state_estimator/lib/python3.12/site-packages:${PYTHONPATH} VIRTUAL_ENV_PROMPT=(.venv) /usr/bin/python3 -W ignore:setup.py install is deprecated -W ignore:easy_install command is deprecated setup.py develop --editable --build-directory /home/nicolai/work/dnv/SensorFusion/revolt_state_estimator/build/revolt_state_estimator/build --no-deps symlink_data --force
