/home/nicolai/work/dnv/SensorFusion/revolt_state_estimator/install/revolt_state_estimator/lib/python3.12/site-packages/revolt_state_estimator/__init__.py
/home/nicolai/work/dnv/SensorFusion/revolt_state_estimator/install/revolt_state_estimator/lib/python3.12/site-packages/revolt_state_estimator/ekf.py
/home/nicolai/work/dnv/SensorFusion/revolt_state_estimator/install/revolt_state_estimator/lib/python3.12/site-packages/revolt_state_estimator/utils.py
/home/nicolai/work/dnv/SensorFusion/revolt_state_estimator/install/revolt_state_estimator/lib/python3.12/site-packages/revolt_state_estimator/revolt_sensor_transforms.py
/home/nicolai/work/dnv/SensorFusion/revolt_state_estimator/install/revolt_state_estimator/lib/python3.12/site-packages/revolt_state_estimator/revolt_model.py
/home/nicolai/work/dnv/SensorFusion/revolt_state_estimator/install/revolt_state_estimator/lib/python3.12/site-packages/revolt_state_estimator/revolt_ekf.py
/home/nicolai/work/dnv/SensorFusion/revolt_state_estimator/install/revolt_state_estimator/lib/python3.12/site-packages/revolt_state_estimator/__pycache__/__init__.cpython-312.pyc
/home/nicolai/work/dnv/SensorFusion/revolt_state_estimator/install/revolt_state_estimator/lib/python3.12/site-packages/revolt_state_estimator/__pycache__/ekf.cpython-312.pyc
/home/nicolai/work/dnv/SensorFusion/revolt_state_estimator/install/revolt_state_estimator/lib/python3.12/site-packages/revolt_state_estimator/__pycache__/utils.cpython-312.pyc
/home/nicolai/work/dnv/SensorFusion/revolt_state_estimator/install/revolt_state_estimator/lib/python3.12/site-packages/revolt_state_estimator/__pycache__/revolt_sensor_transforms.cpython-312.pyc
/home/nicolai/work/dnv/SensorFusion/revolt_state_estimator/install/revolt_state_estimator/lib/python3.12/site-packages/revolt_state_estimator/__pycache__/revolt_model.cpython-312.pyc
/home/nicolai/work/dnv/SensorFusion/revolt_state_estimator/install/revolt_state_estimator/lib/python3.12/site-packages/revolt_state_estimator/__pycache__/revolt_ekf.cpython-312.pyc
/home/nicolai/work/dnv/SensorFusion/revolt_state_estimator/install/revolt_state_estimator/share/ament_index/resource_index/packages/revolt_state_estimator
/home/nicolai/work/dnv/SensorFusion/revolt_state_estimator/install/revolt_state_estimator/share/revolt_state_estimator/package.xml
/home/nicolai/work/dnv/SensorFusion/revolt_state_estimator/install/revolt_state_estimator/share/revolt_state_estimator/launch/revolt_state_estimator.launch.py
/home/nicolai/work/dnv/SensorFusion/revolt_state_estimator/install/revolt_state_estimator/share/revolt_state_estimator/config/revolt_model.yaml
/home/nicolai/work/dnv/SensorFusion/revolt_state_estimator/install/revolt_state_estimator/share/revolt_state_estimator/config/revolt_ekf.yaml
/home/nicolai/work/dnv/SensorFusion/revolt_state_estimator/install/revolt_state_estimator/lib/python3.12/site-packages/revolt_state_estimator-1.0.0-py3.12.egg-info/PKG-INFO
/home/nicolai/work/dnv/SensorFusion/revolt_state_estimator/install/revolt_state_estimator/lib/python3.12/site-packages/revolt_state_estimator-1.0.0-py3.12.egg-info/zip-safe
/home/nicolai/work/dnv/SensorFusion/revolt_state_estimator/install/revolt_state_estimator/lib/python3.12/site-packages/revolt_state_estimator-1.0.0-py3.12.egg-info/dependency_links.txt
/home/nicolai/work/dnv/SensorFusion/revolt_state_estimator/install/revolt_state_estimator/lib/python3.12/site-packages/revolt_state_estimator-1.0.0-py3.12.egg-info/entry_points.txt
/home/nicolai/work/dnv/SensorFusion/revolt_state_estimator/install/revolt_state_estimator/lib/python3.12/site-packages/revolt_state_estimator-1.0.0-py3.12.egg-info/requires.txt
/home/nicolai/work/dnv/SensorFusion/revolt_state_estimator/install/revolt_state_estimator/lib/python3.12/site-packages/revolt_state_estimator-1.0.0-py3.12.egg-info/SOURCES.txt
/home/nicolai/work/dnv/SensorFusion/revolt_state_estimator/install/revolt_state_estimator/lib/python3.12/site-packages/revolt_state_estimator-1.0.0-py3.12.egg-info/top_level.txt
/home/nicolai/work/dnv/SensorFusion/revolt_state_estimator/install/revolt_state_estimator/lib/revolt_state_estimator/revolt_ekf
