running develop
Removing /home/nicolai/work/dnv/SensorFusion/revolt_state_estimator/install/revolt_state_estimator/lib/python3.12/site-packages/revolt-state-estimator.egg-link (link to .)
running egg_info
writing build/revolt_state_estimator/revolt_state_estimator.egg-info/PKG-INFO
writing dependency_links to build/revolt_state_estimator/revolt_state_estimator.egg-info/dependency_links.txt
writing entry points to build/revolt_state_estimator/revolt_state_estimator.egg-info/entry_points.txt
writing requirements to build/revolt_state_estimator/revolt_state_estimator.egg-info/requires.txt
writing top-level names to build/revolt_state_estimator/revolt_state_estimator.egg-info/top_level.txt
reading manifest file 'build/revolt_state_estimator/revolt_state_estimator.egg-info/SOURCES.txt'
writing manifest file 'build/revolt_state_estimator/revolt_state_estimator.egg-info/SOURCES.txt'
running build
running build_py
copying revolt_state_estimator/utils.py -> /home/nicolai/work/dnv/SensorFusion/revolt_state_estimator/build/revolt_state_estimator/build/lib/revolt_state_estimator
copying revolt_state_estimator/revolt_sensor_transforms.py -> /home/nicolai/work/dnv/SensorFusion/revolt_state_estimator/build/revolt_state_estimator/build/lib/revolt_state_estimator
copying revolt_state_estimator/revolt_ekf.py -> /home/nicolai/work/dnv/SensorFusion/revolt_state_estimator/build/revolt_state_estimator/build/lib/revolt_state_estimator
running install
running install_lib
creating /home/nicolai/work/dnv/SensorFusion/revolt_state_estimator/install/revolt_state_estimator/lib/python3.12/site-packages/revolt_state_estimator
copying /home/nicolai/work/dnv/SensorFusion/revolt_state_estimator/build/revolt_state_estimator/build/lib/revolt_state_estimator/__init__.py -> /home/nicolai/work/dnv/SensorFusion/revolt_state_estimator/install/revolt_state_estimator/lib/python3.12/site-packages/revolt_state_estimator
copying /home/nicolai/work/dnv/SensorFusion/revolt_state_estimator/build/revolt_state_estimator/build/lib/revolt_state_estimator/ekf.py -> /home/nicolai/work/dnv/SensorFusion/revolt_state_estimator/install/revolt_state_estimator/lib/python3.12/site-packages/revolt_state_estimator
copying /home/nicolai/work/dnv/SensorFusion/revolt_state_estimator/build/revolt_state_estimator/build/lib/revolt_state_estimator/utils.py -> /home/nicolai/work/dnv/SensorFusion/revolt_state_estimator/install/revolt_state_estimator/lib/python3.12/site-packages/revolt_state_estimator
copying /home/nicolai/work/dnv/SensorFusion/revolt_state_estimator/build/revolt_state_estimator/build/lib/revolt_state_estimator/revolt_sensor_transforms.py -> /home/nicolai/work/dnv/SensorFusion/revolt_state_estimator/install/revolt_state_estimator/lib/python3.12/site-packages/revolt_state_estimator
copying /home/nicolai/work/dnv/SensorFusion/revolt_state_estimator/build/revolt_state_estimator/build/lib/revolt_state_estimator/revolt_model.py -> /home/nicolai/work/dnv/SensorFusion/revolt_state_estimator/install/revolt_state_estimator/lib/python3.12/site-packages/revolt_state_estimator
copying /home/nicolai/work/dnv/SensorFusion/revolt_state_estimator/build/revolt_state_estimator/build/lib/revolt_state_estimator/revolt_ekf.py -> /home/nicolai/work/dnv/SensorFusion/revolt_state_estimator/install/revolt_state_estimator/lib/python3.12/site-packages/revolt_state_estimator
byte-compiling /home/nicolai/work/dnv/SensorFusion/revolt_state_estimator/install/revolt_state_estimator/lib/python3.12/site-packages/revolt_state_estimator/__init__.py to __init__.cpython-312.pyc
byte-compiling /home/nicolai/work/dnv/SensorFusion/revolt_state_estimator/install/revolt_state_estimator/lib/python3.12/site-packages/revolt_state_estimator/ekf.py to ekf.cpython-312.pyc
byte-compiling /home/nicolai/work/dnv/SensorFusion/revolt_state_estimator/install/revolt_state_estimator/lib/python3.12/site-packages/revolt_state_estimator/utils.py to utils.cpython-312.pyc
byte-compiling /home/nicolai/work/dnv/SensorFusion/revolt_state_estimator/install/revolt_state_estimator/lib/python3.12/site-packages/revolt_state_estimator/revolt_sensor_transforms.py to revolt_sensor_transforms.cpython-312.pyc
byte-compiling /home/nicolai/work/dnv/SensorFusion/revolt_state_estimator/install/revolt_state_estimator/lib/python3.12/site-packages/revolt_state_estimator/revolt_model.py to revolt_model.cpython-312.pyc
byte-compiling /home/nicolai/work/dnv/SensorFusion/revolt_state_estimator/install/revolt_state_estimator/lib/python3.12/site-packages/revolt_state_estimator/revolt_ekf.py to revolt_ekf.cpython-312.pyc
running install_data
copying resource/revolt_state_estimator -> /home/nicolai/work/dnv/SensorFusion/revolt_state_estimator/install/revolt_state_estimator/share/ament_index/resource_index/packages
copying package.xml -> /home/nicolai/work/dnv/SensorFusion/revolt_state_estimator/install/revolt_state_estimator/share/revolt_state_estimator
copying launch/revolt_state_estimator.launch.py -> /home/nicolai/work/dnv/SensorFusion/revolt_state_estimator/install/revolt_state_estimator/share/revolt_state_estimator/launch
copying config/revolt_model.yaml -> /home/nicolai/work/dnv/SensorFusion/revolt_state_estimator/install/revolt_state_estimator/share/revolt_state_estimator/config
copying config/revolt_ekf.yaml -> /home/nicolai/work/dnv/SensorFusion/revolt_state_estimator/install/revolt_state_estimator/share/revolt_state_estimator/config
running install_egg_info
Copying build/revolt_state_estimator/revolt_state_estimator.egg-info to /home/nicolai/work/dnv/SensorFusion/revolt_state_estimator/install/revolt_state_estimator/lib/python3.12/site-packages/revolt_state_estimator-1.0.0-py3.12.egg-info
running install_scripts
Installing revolt_ekf script to /home/nicolai/work/dnv/SensorFusion/revolt_state_estimator/install/revolt_state_estimator/lib/revolt_state_estimator
writing list of installed files to '/home/nicolai/work/dnv/SensorFusion/revolt_state_estimator/build/revolt_state_estimator/install.log'
