[0.329s] Invoking command in '/home/nicolai/work/dnv/SensorFusion/revolt_state_estimator/build/revolt_state_estimator': DEBUGINFOD_URLS=https://debuginfod.ubuntu.com PYTHONPATH=/home/nicolai/work/dnv/SensorFusion/revolt_state_estimator/build/revolt_state_estimator/prefix_override:/usr/lib/python3/dist-packages/colcon_core/task/python/colcon_distutils_commands:/home/nicolai/work/dnv/SensorFusion/revolt_state_estimator/install/revolt_state_estimator/lib/python3.12/site-packages:${PYTHONPATH} /usr/bin/python3 -W ignore:setup.py install is deprecated -W ignore:easy_install command is deprecated setup.py develop --uninstall --editable --build-directory /home/nicolai/work/dnv/SensorFusion/revolt_state_estimator/build/revolt_state_estimator/build
[0.447s] running develop
[0.520s] Removing /home/nicolai/work/dnv/SensorFusion/revolt_state_estimator/install/revolt_state_estimator/lib/python3.12/site-packages/revolt-state-estimator.egg-link (link to .)
[0.534s] Invoked command in '/home/nicolai/work/dnv/SensorFusion/revolt_state_estimator/build/revolt_state_estimator' returned '0': DEBUGINFOD_URLS=https://debuginfod.ubuntu.com PYTHONPATH=/home/nicolai/work/dnv/SensorFusion/revolt_state_estimator/build/revolt_state_estimator/prefix_override:/usr/lib/python3/dist-packages/colcon_core/task/python/colcon_distutils_commands:/home/nicolai/work/dnv/SensorFusion/revolt_state_estimator/install/revolt_state_estimator/lib/python3.12/site-packages:${PYTHONPATH} /usr/bin/python3 -W ignore:setup.py install is deprecated -W ignore:easy_install command is deprecated setup.py develop --uninstall --editable --build-directory /home/nicolai/work/dnv/SensorFusion/revolt_state_estimator/build/revolt_state_estimator/build
[0.534s] Invoking command in '/home/nicolai/work/dnv/SensorFusion/revolt_state_estimator': DEBUGINFOD_URLS=https://debuginfod.ubuntu.com PYTHONPATH=/home/nicolai/work/dnv/SensorFusion/revolt_state_estimator/build/revolt_state_estimator/prefix_override:/usr/lib/python3/dist-packages/colcon_core/task/python/colcon_distutils_commands:/home/nicolai/work/dnv/SensorFusion/revolt_state_estimator/install/revolt_state_estimator/lib/python3.12/site-packages:${PYTHONPATH} /usr/bin/python3 -W ignore:setup.py install is deprecated -W ignore:easy_install command is deprecated setup.py egg_info --egg-base build/revolt_state_estimator build --build-base /home/nicolai/work/dnv/SensorFusion/revolt_state_estimator/build/revolt_state_estimator/build install --record /home/nicolai/work/dnv/SensorFusion/revolt_state_estimator/build/revolt_state_estimator/install.log --single-version-externally-managed install_data --force
[0.638s] running egg_info
[0.645s] writing build/revolt_state_estimator/revolt_state_estimator.egg-info/PKG-INFO
[0.645s] writing dependency_links to build/revolt_state_estimator/revolt_state_estimator.egg-info/dependency_links.txt
[0.645s] writing entry points to build/revolt_state_estimator/revolt_state_estimator.egg-info/entry_points.txt
[0.645s] writing requirements to build/revolt_state_estimator/revolt_state_estimator.egg-info/requires.txt
[0.645s] writing top-level names to build/revolt_state_estimator/revolt_state_estimator.egg-info/top_level.txt
[0.659s] reading manifest file 'build/revolt_state_estimator/revolt_state_estimator.egg-info/SOURCES.txt'
[0.659s] writing manifest file 'build/revolt_state_estimator/revolt_state_estimator.egg-info/SOURCES.txt'
[0.659s] running build
[0.659s] running build_py
[0.659s] copying revolt_state_estimator/utils.py -> /home/nicolai/work/dnv/SensorFusion/revolt_state_estimator/build/revolt_state_estimator/build/lib/revolt_state_estimator
[0.659s] copying revolt_state_estimator/revolt_sensor_transforms.py -> /home/nicolai/work/dnv/SensorFusion/revolt_state_estimator/build/revolt_state_estimator/build/lib/revolt_state_estimator
[0.660s] copying revolt_state_estimator/revolt_ekf.py -> /home/nicolai/work/dnv/SensorFusion/revolt_state_estimator/build/revolt_state_estimator/build/lib/revolt_state_estimator
[0.660s] running install
[0.663s] running install_lib
[0.670s] creating /home/nicolai/work/dnv/SensorFusion/revolt_state_estimator/install/revolt_state_estimator/lib/python3.12/site-packages/revolt_state_estimator
[0.670s] copying /home/nicolai/work/dnv/SensorFusion/revolt_state_estimator/build/revolt_state_estimator/build/lib/revolt_state_estimator/__init__.py -> /home/nicolai/work/dnv/SensorFusion/revolt_state_estimator/install/revolt_state_estimator/lib/python3.12/site-packages/revolt_state_estimator
[0.670s] copying /home/nicolai/work/dnv/SensorFusion/revolt_state_estimator/build/revolt_state_estimator/build/lib/revolt_state_estimator/ekf.py -> /home/nicolai/work/dnv/SensorFusion/revolt_state_estimator/install/revolt_state_estimator/lib/python3.12/site-packages/revolt_state_estimator
[0.670s] copying /home/nicolai/work/dnv/SensorFusion/revolt_state_estimator/build/revolt_state_estimator/build/lib/revolt_state_estimator/utils.py -> /home/nicolai/work/dnv/SensorFusion/revolt_state_estimator/install/revolt_state_estimator/lib/python3.12/site-packages/revolt_state_estimator
[0.670s] copying /home/nicolai/work/dnv/SensorFusion/revolt_state_estimator/build/revolt_state_estimator/build/lib/revolt_state_estimator/revolt_sensor_transforms.py -> /home/nicolai/work/dnv/SensorFusion/revolt_state_estimator/install/revolt_state_estimator/lib/python3.12/site-packages/revolt_state_estimator
[0.670s] copying /home/nicolai/work/dnv/SensorFusion/revolt_state_estimator/build/revolt_state_estimator/build/lib/revolt_state_estimator/revolt_model.py -> /home/nicolai/work/dnv/SensorFusion/revolt_state_estimator/install/revolt_state_estimator/lib/python3.12/site-packages/revolt_state_estimator
[0.670s] copying /home/nicolai/work/dnv/SensorFusion/revolt_state_estimator/build/revolt_state_estimator/build/lib/revolt_state_estimator/revolt_ekf.py -> /home/nicolai/work/dnv/SensorFusion/revolt_state_estimator/install/revolt_state_estimator/lib/python3.12/site-packages/revolt_state_estimator
[0.671s] byte-compiling /home/nicolai/work/dnv/SensorFusion/revolt_state_estimator/install/revolt_state_estimator/lib/python3.12/site-packages/revolt_state_estimator/__init__.py to __init__.cpython-312.pyc
[0.671s] byte-compiling /home/nicolai/work/dnv/SensorFusion/revolt_state_estimator/install/revolt_state_estimator/lib/python3.12/site-packages/revolt_state_estimator/ekf.py to ekf.cpython-312.pyc
[0.671s] byte-compiling /home/nicolai/work/dnv/SensorFusion/revolt_state_estimator/install/revolt_state_estimator/lib/python3.12/site-packages/revolt_state_estimator/utils.py to utils.cpython-312.pyc
[0.671s] byte-compiling /home/nicolai/work/dnv/SensorFusion/revolt_state_estimator/install/revolt_state_estimator/lib/python3.12/site-packages/revolt_state_estimator/revolt_sensor_transforms.py to revolt_sensor_transforms.cpython-312.pyc
[0.671s] byte-compiling /home/nicolai/work/dnv/SensorFusion/revolt_state_estimator/install/revolt_state_estimator/lib/python3.12/site-packages/revolt_state_estimator/revolt_model.py to revolt_model.cpython-312.pyc
[0.672s] byte-compiling /home/nicolai/work/dnv/SensorFusion/revolt_state_estimator/install/revolt_state_estimator/lib/python3.12/site-packages/revolt_state_estimator/revolt_ekf.py to revolt_ekf.cpython-312.pyc
[0.673s] running install_data
[0.673s] copying resource/revolt_state_estimator -> /home/nicolai/work/dnv/SensorFusion/revolt_state_estimator/install/revolt_state_estimator/share/ament_index/resource_index/packages
[0.673s] copying package.xml -> /home/nicolai/work/dnv/SensorFusion/revolt_state_estimator/install/revolt_state_estimator/share/revolt_state_estimator
[0.673s] copying launch/revolt_state_estimator.launch.py -> /home/nicolai/work/dnv/SensorFusion/revolt_state_estimator/install/revolt_state_estimator/share/revolt_state_estimator/launch
[0.673s] copying config/revolt_model.yaml -> /home/nicolai/work/dnv/SensorFusion/revolt_state_estimator/install/revolt_state_estimator/share/revolt_state_estimator/config
[0.673s] copying config/revolt_ekf.yaml -> /home/nicolai/work/dnv/SensorFusion/revolt_state_estimator/install/revolt_state_estimator/share/revolt_state_estimator/config
[0.673s] running install_egg_info
[0.681s] Copying build/revolt_state_estimator/revolt_state_estimator.egg-info to /home/nicolai/work/dnv/SensorFusion/revolt_state_estimator/install/revolt_state_estimator/lib/python3.12/site-packages/revolt_state_estimator-1.0.0-py3.12.egg-info
[0.681s] running install_scripts
[0.732s] Installing revolt_ekf script to /home/nicolai/work/dnv/SensorFusion/revolt_state_estimator/install/revolt_state_estimator/lib/revolt_state_estimator
[0.732s] writing list of installed files to '/home/nicolai/work/dnv/SensorFusion/revolt_state_estimator/build/revolt_state_estimator/install.log'
[0.744s] Invoked command in '/home/nicolai/work/dnv/SensorFusion/revolt_state_estimator' returned '0': DEBUGINFOD_URLS=https://debuginfod.ubuntu.com PYTHONPATH=/home/nicolai/work/dnv/SensorFusion/revolt_state_estimator/build/revolt_state_estimator/prefix_override:/usr/lib/python3/dist-packages/colcon_core/task/python/colcon_distutils_commands:/home/nicolai/work/dnv/SensorFusion/revolt_state_estimator/install/revolt_state_estimator/lib/python3.12/site-packages:${PYTHONPATH} /usr/bin/python3 -W ignore:setup.py install is deprecated -W ignore:easy_install command is deprecated setup.py egg_info --egg-base build/revolt_state_estimator build --build-base /home/nicolai/work/dnv/SensorFusion/revolt_state_estimator/build/revolt_state_estimator/build install --record /home/nicolai/work/dnv/SensorFusion/revolt_state_estimator/build/revolt_state_estimator/install.log --single-version-externally-managed install_data --force
