[0.364s] Invoking command in '/home/nicolai/work/dnv/SensorFusion/revolt_state_estimator': DEBUGINFOD_URLS=https://debuginfod.ubuntu.com PS1=(.venv) \[\e]0;\u@\h: \w\a\]${debian_chroot:+($debian_chroot)}\[\033[01;32m\]\u@\h\[\033[00m\]:\[\033[01;34m\]\w\[\033[00m\]\$ PYTHONPATH=/home/nicolai/work/dnv/SensorFusion/revolt_state_estimator/build/revolt_state_estimator/prefix_override:/usr/lib/python3/dist-packages/colcon_core/task/python/colcon_distutils_commands:/home/nicolai/work/dnv/SensorFusion/revolt_state_estimator/install/revolt_state_estimator/lib/python3.12/site-packages:${PYTHONPATH} VIRTUAL_ENV_PROMPT=(.venv) /usr/bin/python3 -W ignore:setup.py install is deprecated -W ignore:easy_install command is deprecated setup.py egg_info --egg-base build/revolt_state_estimator build --build-base /home/nicolai/work/dnv/SensorFusion/revolt_state_estimator/build/revolt_state_estimator/build install --record /home/nicolai/work/dnv/SensorFusion/revolt_state_estimator/build/revolt_state_estimator/install.log --single-version-externally-managed install_data
[0.464s] running egg_info
[0.470s] writing build/revolt_state_estimator/revolt_state_estimator.egg-info/PKG-INFO
[0.470s] writing dependency_links to build/revolt_state_estimator/revolt_state_estimator.egg-info/dependency_links.txt
[0.470s] writing entry points to build/revolt_state_estimator/revolt_state_estimator.egg-info/entry_points.txt
[0.471s] writing requirements to build/revolt_state_estimator/revolt_state_estimator.egg-info/requires.txt
[0.471s] writing top-level names to build/revolt_state_estimator/revolt_state_estimator.egg-info/top_level.txt
[0.484s] reading manifest file 'build/revolt_state_estimator/revolt_state_estimator.egg-info/SOURCES.txt'
[0.484s] writing manifest file 'build/revolt_state_estimator/revolt_state_estimator.egg-info/SOURCES.txt'
[0.484s] running build
[0.484s] running build_py
[0.484s] running install
[0.487s] running install_lib
[0.494s] running install_data
[0.494s] running install_egg_info
[0.501s] removing '/home/nicolai/work/dnv/SensorFusion/revolt_state_estimator/install/revolt_state_estimator/lib/python3.12/site-packages/revolt_state_estimator-1.0.0-py3.12.egg-info' (and everything under it)
[0.502s] Copying build/revolt_state_estimator/revolt_state_estimator.egg-info to /home/nicolai/work/dnv/SensorFusion/revolt_state_estimator/install/revolt_state_estimator/lib/python3.12/site-packages/revolt_state_estimator-1.0.0-py3.12.egg-info
[0.502s] running install_scripts
[0.551s] Installing revolt_ekf script to /home/nicolai/work/dnv/SensorFusion/revolt_state_estimator/install/revolt_state_estimator/lib/revolt_state_estimator
[0.551s] writing list of installed files to '/home/nicolai/work/dnv/SensorFusion/revolt_state_estimator/build/revolt_state_estimator/install.log'
[0.563s] Invoked command in '/home/nicolai/work/dnv/SensorFusion/revolt_state_estimator' returned '0': DEBUGINFOD_URLS=https://debuginfod.ubuntu.com PS1=(.venv) \[\e]0;\u@\h: \w\a\]${debian_chroot:+($debian_chroot)}\[\033[01;32m\]\u@\h\[\033[00m\]:\[\033[01;34m\]\w\[\033[00m\]\$ PYTHONPATH=/home/nicolai/work/dnv/SensorFusion/revolt_state_estimator/build/revolt_state_estimator/prefix_override:/usr/lib/python3/dist-packages/colcon_core/task/python/colcon_distutils_commands:/home/nicolai/work/dnv/SensorFusion/revolt_state_estimator/install/revolt_state_estimator/lib/python3.12/site-packages:${PYTHONPATH} VIRTUAL_ENV_PROMPT=(.venv) /usr/bin/python3 -W ignore:setup.py install is deprecated -W ignore:easy_install command is deprecated setup.py egg_info --egg-base build/revolt_state_estimator build --build-base /home/nicolai/work/dnv/SensorFusion/revolt_state_estimator/build/revolt_state_estimator/build install --record /home/nicolai/work/dnv/SensorFusion/revolt_state_estimator/build/revolt_state_estimator/install.log --single-version-externally-managed install_data
